./bootstrap: 3: autoreconf: not found
apt-get autoconf automake libtool
configure.ac:91: error: possibly undefined macro: AC_DEFINE
      If this token and others are legitimate, please use m4_pattern_allow.
      See the Autoconf documentation.
configure.ac:403: error: possibly undefined macro: AC_SUBST
autoreconf: error: /usr/bin/autoconf failed with exit status: 1

 apt-get install pkg-config
configure: error: in `/mnt/io500/build/ior':
configure: error: MPI compiler requested, but could not use MPI.

apt install -y libopenmpi-dev openmpi-bin openmpi-common
config.status: error: in `/mnt/lzh/IO500/build/ior':
config.status: error: Something went wrong bootstrapping makefile fragments
    for automatic dependency tracking.  If GNU make was not used, consider
    re-running the configure script with MAKE="gmake" (or whatever is
    necessary).  You can also try re-running configure with the
    '--disable-dependency-tracking' option to at least be able to build
    the package (albeit without support for automatic dependency tracking).
apt install make
:wq

