disable pnfs debug
client 
[178568.033212] nvme nvme8: new ctrl: NQN "nqn.2026-01.smrc.test.76", addr 10.10.44.76:4420, hostnqn: nqn.2014-08.org.nvmexpress:uuid:00000000-0000-0000-0000-7cc255512b39
[178773.386877] RPC: Could not send backchannel reply error: -110
[178855.306431] RPC: Could not send backchannel reply error: -110
[178882.954148] rpc_check_timeout: 125 callbacks suppressed
[178882.954154] nfs: server 10.10.44.75 not responding, still trying
[178882.954157] nfs: server 10.10.44.75 not responding, still trying
[178882.954164] nfs: server 10.10.44.75 not responding, still trying
[178882.954167] nfs: server 10.10.44.75 not responding, still trying
[178882.954171] nfs: server 10.10.44.75 not responding, still trying
[178882.954173] nfs: server 10.10.44.75 not responding, still trying
mds
[ 2267.964161] workqueue: xlog_ioend_work [xfs] hogged CPU for >10000us 4 times,                                      consider switching to WQ_UNBOUND
[ 2269.909160] workqueue: xlog_ioend_work [xfs] hogged CPU for >10000us 5 times,                                      consider switching to WQ_UNBOUND
[ 2277.199156] workqueue: xlog_ioend_work [xfs] hogged CPU for >10000us 7 times,                                      consider switching to WQ_UNBOUND
[ 2295.924144] workqueue: xlog_ioend_work [xfs] hogged CPU for >10000us 11 times                                     , consider switching to WQ_UNBOUND

client 
[179140.557666] 50122 c825      0 cc3adf2b 1b1f6417    36893 5d3d12f8 nfsv4 WRITE a:call_status [sunrpc] q:xprt_pending
[179140.557689] 49767 c825    -11 cc3adf2b eff08736        0 5d3d12f8 nfsv4 WRITE a:call_connect_status [sunrpc] q:xprt_sending
[179140.557712] 50238 c825      0 cc3adf2b 36d513af    77763 5d3d12f8 nfsv4 WRITE a:call_status [sunrpc] q:xprt_pending
[179140.557735] 49834 c825    -11 cc3adf2b 2879c778        0 5d3d12f8 nfsv4 WRITE a:call_connect_status [sunrpc] q:xprt_sending
[179140.557758] 50118 c825      0 cc3adf2b d080544b    77764 5d3d12f8 nfsv4 WRITE a:call_status [sunrpc] q:xprt_pending
[179140.557788] 49764 c825    -11 cc3adf2b e22a7de6        0 5d3d12f8 nfsv4 WRITE a:call_connect_status [sunrpc] q:xprt_sending
[179140.557813] 49682 c825      0 cc3adf2b 8cca7a22    77763 5d3d12f8 nfsv4 WRITE a:call_status [sunrpc] q:xprt_pending
[179140.557838] 50354 c825      0 cc3adf2b 4ea31c57    77763 5d3d12f8 nfsv4 WRITE a:call_status [sunrpc] q:xprt_pending
[179140.557861] 49750 c825      0 cc3adf2b d2a2ef95    77764 5d3d12f8 nfsv4 WRITE a:call_status [sunrpc] q:xprt_pending
[179140.557884] 49686 c825      0 cc3adf2b fc58b70d    77764 5d3d12f8 nfsv4 WRITE a:call_status [sunrpc] q:xprt_pending
[179140.557907] 49825 c825      0 cc3adf2b f5c9ba15    77764 5d3d12f8 nfsv4 WRITE a:call_status [sunrpc] q:xprt_pending
[179166.600805] RPC:       xs_tcp_state_change client 0000000063679894...
[179166.600959] RPC:       state 7 conn 1 dead 0 zapped 1 sk_shutdown 3
[179166.600973] RPC:       xs_error_report client 0000000063679894, error=110...
[179166.601074] RPC:       xs_close xprt 0000000063679894
[179166.601088] RPC:       xs_tcp_state_change client 0000000063679894...
[179166.601095] RPC:       state 7 conn 1 dead 0 zapped 1 sk_shutdown 3
[179166.601097] encode_sequence: sessionid=1773905956:3164658719:1:0 seqid=1118 slotid=710 max_slotid=1023 cache_this=0
[179166.601097] encode_sequence: sessionid=1773905956:3164658719:1:0 seqid=1139 slotid=112 max_slotid=1023 cache_this=0
[179166.601129] encode_sequence: sessionid=1773905956:3164658719:1:0 seqid=1131 slotid=275 max_slotid=1023 cache_this=0
[179166.601129] encode_sequence: sessionid=1773905956:3164658719:1:0 seqid=1127 slotid=355 max_slotid=1023 cache_this=0
[179166.601139] encode_sequence: sessionid=1773905956:3164658719:1:0 seqid=1115 slotid=916 max_slotid=1023 cache_this=0
[179166.601149] RPC:       write space: waking waiting task on xprt 0000000063679894
[179166.601150] encode_sequence: sessionid=1773905956:3164658719:1:0 seqid=1115 slotid=997 max_slotid=1023 cache_this=0
[179166.601150] encode_sequence: sessionid=1773905956:3164658719:1:0 seqid=1115 slotid=889 max_slotid=1023 cache_this=0
[179166.601157] encode_sequence: sessionid=1773905956:3164658719:1:0 seqid=1118 slotid=765 max_slotid=1023 cache_this=0
[179166.601164] encode_sequence: sessionid=1773905956:3164658719:1:0 seqid=1129 slotid=291 max_slotid=1023 cache_this=0
[179166.601168] encode_sequence: sessionid=1773905956:3164658719:1:0 seqid=1120 slotid=624 max_slotid=1023 cache_this=0
[179166.601170] encode_sequence: sessionid=1773905956:3164658719:1:0 seqid=1120 slotid=604 max_slotid=1023 cache_this=0
[179166.601173] encode_sequence: sessionid=1773905956:3164658719:1:0 seqid=1131 slotid=263 max_slotid=1023 cache_this=0
[179166.601176] encode_sequence: sessionid=1773905956:3164658719:1:0 seqid=1118 slotid=713 max_slotid=1023 cache_this=0
[179166.601186] encode_sequence: sessionid=1773905956:3164658719:1:0 seqid=1139 slotid=118 max_slotid=1023 cache_this=0
[179166.601190] encode_sequence: sessionid=1773905956:3164658719:1:0 seqid=1122 slotid=546 max_slotid=1023 cache_this=0
[179166.601192] encode_sequence: sessionid=1773905956:3164658719:1:0 seqid=1127 slotid=370 max_slotid=1023 cache_this=0
[179166.601196] encode_sequence: sessionid=1773905956:3164658719:1:0 seqid=1118 slotid=709 max_slotid=1023 cache_this=0
[179166.601196] encode_sequence: sessionid=1773905956:3164658719:1:0 seqid=1122 slotid=523 max_slotid=1023 cache_this=0
[179166.601203] encode_sequence: sessionid=1773905956:3164658719:1:0 seqid=1127 slotid=352 max_slotid=1023 cache_this=0
[179166.601208] encode_sequence: sessionid=1773905956:3164658719:1:0 seqid=1115 slotid=915 max_slotid=1023 cache_this=0
[179166.601207] encode_sequence: sessionid=1773905956:3164658719:1:0 seqid=1131 slotid=260 max_slotid=1023 cache_this=0
[179166.601214] encode_sequence: sessionid=1773905956:3164658719:1:0 seqid=1115 slotid=996 max_slotid=1023 cache_this=0
[179166.601216] encode_sequence: sessionid=1773905956:3164658719:1:0 seqid=1118 slotid=752 max_slotid=1023 cache_this=0
[179166.601217] encode_sequence: sessionid=1773905956:3164658719:1:0 seqid=1115 slotid=886 max_slotid=1023 cache_this=0
[179166.601224] encode_sequence: sessionid=1773905956:3164658719:1:0 seqid=1129 slotid=286 max_slotid=1023 cache_this=0
[179166.601226] encode_sequence: sessionid=1773905956:3164658719:1:0 seqid=1120 slotid=617 max_slotid=1023 cache_this=0
[179166.601233] encode_sequence: sessionid=1773905956:3164658719:1:0 seqid=1131 slotid=261 max_slotid=1023 cache_this=0
[179166.601242] encode_sequence: sessionid=1773905956:3164658719:1:0 seqid=1118 slotid=706 max_slotid=1023 cache_this=0
[179166.601245] encode_sequence: sessionid=1773905956:3164658719:1:0 seqid=1139 slotid=115 max_slotid=1023 cache_this=0
[179166.601245] encode_sequence: sessionid=1773905956:3164658719:1:0 seqid=1120 slotid=592 max_slotid=1023 cache_this=0
[179166.601246] encode_sequence: sessionid=1773905956:3164658719:1:0 seqid=1127 slotid=369 max_slotid=1023 cache_this=0
[179166.601249] encode_sequence: sessionid=1773905956:3164658719:1:0 seqid=1122 slotid=534 max_slotid=1023 cache_this=0
[179166.601256] encode_sequence: sessionid=1773905956:3164658719:1:0 seqid=1118 slotid=708 max_slotid=1023 cache_this=0
[179166.601260] encode_sequence: sessionid=1773905956:3164658719:1:0 seqid=1122 slotid=515 max_slotid=1023 cache_this=0
[179166.601264] encode_sequence: sessionid=1773905956:3164658719:1:0 seqid=1131 slotid=259 max_slotid=1023 cache_this=0
[179166.601268] encode_sequence: sessionid=1773905956:3164658719:1:0 seqid=1127 slotid=338 max_slotid=1023 cache_this=0
[179166.601269] encode_sequence: sessionid=1773905956:3164658719:1:0 seqid=1115 slotid=912 max_slotid=1023 cache_this=0
[179166.601272] encode_sequence: sessionid=1773905956:3164658719:1:0 seqid=1115 slotid=995 max_slotid=1023 cache_this=0
[179166.601273] encode_sequence: sessionid=1773905956:3164658719:1:0 seqid=1115 slotid=884 max_slotid=1023 cache_this=0
[179166.601283] encode_sequence: sessionid=1773905956:3164658719:1:0 seqid=1131 slotid=277 max_slotid=1023 cache_this=0
[179166.601286] encode_sequence: sessionid=1773905956:3164658719:1:0 seqid=1118 slotid=749 max_slotid=1023 cache_this=0
[179166.601292] encode_sequence: sessionid=1773905956:3164658719:1:0 seqid=1120 slotid=613 max_slotid=1023 cache_this=0
[179166.601293] encode_sequence: sessionid=1773905956:3164658719:1:0 seqid=1120 slotid=590 max_slotid=1023 cache_this=0
[179166.601295] encode_sequence: sessionid=1773905956:3164658719:1:0 seqid=1131 slotid=257 max_slotid=1023 cache_this=0
[179166.601298] encode_sequence: sessionid=1773905956:3164658719:1:0 seqid=1127 slotid=363 max_slotid=1023 cache_this=0
[179166.601297] encode_sequence: sessionid=1773905956:3164658719:1:0 seqid=1120 slotid=700 max_slotid=1023 cache_this=0
[179166.601300] encode_sequence: sessionid=1773905956:3164658719:1:0 seqid=1122 slotid=525 max_slotid=1023 cache_this=0
[179166.601314] encode_sequence: sessionid=1773905956:3164658719:1:0 seqid=1118 slotid=704 max_slotid=1023 cache_this=0
[179166.601314] encode_sequence: sessionid=1773905956:3164658719:1:0 seqid=1122 slotid=512 max_slotid=1023 cache_this=0
[179166.601316] encode_sequence: sessionid=1773905956:3164658719:1:0 seqid=1131 slotid=251 max_slotid=1023 cache_this=0
[179166.601318] encode_sequence: sessionid=1773905956:3164658719:1:0 seqid=1128 slotid=337 max_slotid=1023 cache_this=0
[179166.601321] encode_sequence: sessionid=1773905956:3164658719:1:0 seqid=1115 slotid=911 max_slotid=1023 cache_this=0
[179166.601329] encode_sequence: sessionid=1773905956:3164658719:1:0 seqid=1141 slotid=103 max_slotid=1023 cache_this=0
[179166.601332] encode_sequence: sessionid=1773905956:3164658719:1:0 seqid=1115 slotid=994 max_slotid=1023 cache_this=0
[179166.601334] encode_sequence: sessionid=1773905956:3164658719:1:0 seqid=1115 slotid=882 max_slotid=1023 cache_this=0
[179166.601334] encode_sequence: sessionid=1773905956:3164658719:1:0 seqid=1118 slotid=748 max_slotid=1023 cache_this=0
[179166.601342] encode_sequence: sessionid=1773905956:3164658719:1:0 seqid=1131 slotid=276 max_slotid=1023 cache_this=0
[179166.601343] encode_sequence: sessionid=1773905956:3164658719:1:0 seqid=1120 slotid=610 max_slotid=1023 cache_this=0
[179166.601345] encode_sequence: sessionid=1773905956:3164658719:1:0 seqid=1131 slotid=256 max_slotid=1023 cache_this=0
[179166.601345] encode_sequence: sessionid=1773905956:3164658719:1:0 seqid=1122 slotid=582 max_slotid=1023 cache_this=0
[179166.601347] encode_sequence: sessionid=1773905956:3164658719:1:0 seqid=1120 slotid=698 max_slotid=1023 cache_this=0
[179166.601348] encode_sequence: sessionid=1773905956:3164658719:1:0 seqid=1141 slotid=105 max_slotid=1023 cache_this=0
[179166.601355] encode_sequence: sessionid=1773905956:3164658719:1:0 seqid=1122 slotid=513 max_slotid=1023 cache_this=0
[179166.601358] encode_sequence: sessionid=1773905956:3164658719:1:0 seqid=1127 slotid=357 max_slotid=1023 cache_this=0
[179166.601359] encode_sequence: sessionid=1773905956:3164658719:1:0 seqid=1122 slotid=510 max_slotid=1023 cache_this=0
[179166.601370] encode_sequence: sessionid=1773905956:3164658719:1:0 seqid=1120 slotid=702 max_slotid=1023 cache_this=0
[179166.601372] encode_sequence: sessionid=1773905956:3164658719:1:0 seqid=1131 slotid=249 max_slotid=1023 cache_this=0
[179166.601374] encode_sequence: sessionid=1773905956:3164658719:1:0 seqid=1129 slotid=329 max_slotid=1023 cache_this=0
[179166.601376] encode_sequence: sessionid=1773905956:3164658719:1:0 seqid=1115 slotid=909 max_slotid=1023 cache_this=0
[179166.601378] encode_sequence: sessionid=1773905956:3164658719:1:0 seqid=1115 slotid=993 max_slotid=1023 cache_this=0
[179166.601381] encode_sequence: sessionid=1773905956:3164658719:1:0 seqid=1115 slotid=881 max_slotid=1023 cache_this=0
[179166.601384] encode_sequence: sessionid=1773905956:3164658719:1:0 seqid=1118 slotid=744 max_slotid=1023 cache_this=0
[179166.601387] encode_sequence: sessionid=1773905956:3164658719:1:0 seqid=1131 slotid=274 max_slotid=1023 cache_this=0
[179166.601388] encode_sequence: sessionid=1773905956:3164658719:1:0 seqid=1120 slotid=605 max_slotid=1023 cache_this=0
[179166.601391] encode_sequence: sessionid=1773905956:3164658719:1:0 seqid=1122 slotid=579 max_slotid=1023 cache_this=0
[179166.601392] encode_sequence: sessionid=1773905956:3164658719:1:0 seqid=1131 slotid=250 max_slotid=1023 cache_this=0
[179166.601405] encode_sequence: sessionid=1773905956:3164658719:1:0 seqid=1120 slotid=691 max_slotid=1023 cache_this=0
[179166.601406] encode_sequence: sessionid=1773905956:3164658719:1:0 seqid=1122 slotid=493 max_slotid=1023 cache_this=0
[179166.601409] encode_sequence: sessionid=1773905956:3164658719:1:0 seqid=1122 slotid=509 max_slotid=1023 cache_this=0
[179166.601410] encode_sequence: sessionid=1773905956:3164658719:1:0 seqid=1120 slotid=697 max_slotid=1023 cache_this=0
[179166.601411] encode_sequence: sessionid=1773905956:3164658719:1:0 seqid=1131 slotid=248 max_slotid=1023 cache_this=0
[179166.601408] encode_sequence: sessionid=1773905956:3164658719:1:0 seqid=1127 slotid=353 max_slotid=1023 cache_this=0
[179166.601415] encode_sequence: sessionid=1773905956:3164658719:1:0 seqid=1150 slotid=13 max_slotid=1023 cache_this=0
[179166.601416] encode_sequence: sessionid=1773905956:3164658719:1:0 seqid=1115 slotid=908 max_slotid=1023 cache_this=0
[179166.601419] encode_sequence: sessionid=1773905956:3164658719:1:0 seqid=1115 slotid=990 max_slotid=1023 cache_this=0
[179166.601420] encode_sequence: sessionid=1773905956:3164658719:1:0 seqid=1115 slotid=876 max_slotid=1023 cache_this=0
[179166.601423] encode_sequence: sessionid=1773905956:3164658719:1:0 seqid=1118 slotid=738 max_slotid=1023 cache_this=0
[179166.601424] encode_sequence: sessionid=1773905956:3164658719:1:0 seqid=1131 slotid=273 max_slotid=1023 cache_this=0
[179166.601433] encode_sequence: sessionid=1773905956:3164658719:1:0 seqid=1120 slotid=600 max_slotid=1023 cache_this=0
[179166.601439] encode_sequence: sessionid=1773905956:3164658719:1:0 seqid=1122 slotid=575 max_slotid=1023 cache_this=0
[179166.601444] encode_sequence: sessionid=1773905956:3164658719:1:0 seqid=1131 slotid=245 max_slotid=1023 cache_this=0
[179166.601445] encode_sequence: sessionid=1773905956:3164658719:1:0 seqid=1120 slotid=688 max_slotid=1023 cache_this=0
[179166.601450] encode_sequence: sessionid=1773905956:3164658719:1:0 seqid=1141 slotid=95 max_slotid=1023 cache_this=0
[179166.601456] encode_sequence: sessionid=1773905956:3164658719:1:0 seqid=1124 slotid=483 max_slotid=1023 cache_this=0
[179166.601457] encode_sequence: sessionid=1773905956:3164658719:1:0 seqid=1127 slotid=344 max_slotid=1023 cache_this=0
[179166.601458] encode_sequence: sessionid=1773905956:3164658719:1:0 seqid=1122 slotid=499 max_slotid=1023 cache_this=0
[179166.601462] encode_sequence: sessionid=1773905956:3164658719:1:0 seqid=1120 slotid=692 max_slotid=1023 cache_this=0
[179166.601463] encode_sequence: sessionid=1773905956:3164658719:1:0 seqid=1131 slotid=244 max_slotid=1023 cache_this=0
[179166.601466] encode_sequence: sessionid=1773905956:3164658719:1:0 seqid=1115 slotid=905 max_slotid=1023 cache_this=0
[179166.601466] encode_sequence: sessionid=1773905956:3164658719:1:0 seqid=1129 slotid=311 max_slotid=1023 cache_this=0
[179166.601468] encode_sequence: sessionid=1773905956:3164658719:1:0 seqid=1115 slotid=986 max_slotid=1023 cache_this=0
[179166.601471] encode_sequence: sessionid=1773905956:3164658719:1:0 seqid=1115 slotid=872 max_slotid=1023 cache_this=0
[179166.601474] rpc_check_timeout: 93 callbacks suppressed
[179166.601478] encode_sequence: sessionid=1773905956:3164658719:1:0 seqid=1118 slotid=735 max_slotid=1023 cache_this=0
[179166.601483] nfs: server 10.10.44.75 not responding, still trying
[179166.601500] RPC:       xs_connect scheduled xprt 0000000063679894
[179166.601545] RPC:       xs_bind 0.0.0.0:698: ok (0)
[179166.601557] RPC:       worker connecting xprt 0000000063679894 via tcp to 10.10.44.75 (port 2049)
[179166.601640] RPC:       0000000063679894 connect status 115 connected 0 sock state 2
[179166.601652] nfs: server 10.10.44.75 not responding, still trying
[179166.601772] RPC:       xs_tcp_state_change client 0000000063679894...
[179166.601792] RPC:       state 1 conn 0 dead 0 zapped 1 sk_shutdown 0
[179166.601934] RPC:       xs_tcp_send_request(4292) = 0
[179166.601960] nfs: server 10.10.44.75 not responding, still trying
[179166.601970] RPC:       xs_tcp_send_request(4292) = 0
[179166.601984] nfs: server 10.10.44.75 not responding, still trying
[179166.601996] RPC:       xs_tcp_send_request(4292) = 0
[179166.602008] nfs: server 10.10.44.75 not responding, still trying
[179166.602021] RPC:       xs_tcp_send_request(4292) = 0
[179166.602044] RPC:       xs_tcp_send_request(4292) = 0
[179166.602057] nfs: server 10.10.44.75 not responding, still trying
[179166.602069] RPC:       xs_tcp_send_request(4292) = 0
[179166.602081] nfs: server 10.10.44.75 not responding, still trying
[179166.602092] RPC:       xs_tcp_send_request(4292) = 0
[179166.602103] nfs: server 10.10.44.75 not responding, still trying
[179166.602121] RPC:       xs_tcp_send_request(4292) = 0
[179166.602132] nfs: server 10.10.44.75 not responding, still trying
[179166.602145] RPC:       xs_tcp_send_request(4292) = 0
[179166.602156] nfs: server 10.10.44.75 not responding, still trying
[179166.602168] RPC:       xs_tcp_send_request(4292) = 0
[179166.602191] RPC:       xs_tcp_send_request(4292) = 0
[179166.602223] RPC:       xs_tcp_send_request(4292) = 0
[179166.602245] RPC:       xs_tcp_send_request(4292) = 0
[179166.602266] RPC:       xs_tcp_send_request(4292) = 0
[179166.602288] RPC:       xs_tcp_send_request(4292) = 0
[179166.602320] RPC:       xs_tcp_send_request(4292) = 0
[179166.602339] RPC:       xs_tcp_send_request(4292) = 0
[179166.602358] RPC:       xs_tcp_send_request(4292) = 0
[179166.602371] RPC:       xs_tcp_send_request(4292) = 0
[179166.602383] RPC:       xs_tcp_send_request(4292) = 0
[179166.602392] RPC:       xs_tcp_send_request(4292) = 0
[179166.602403] RPC:       xs_tcp_send_request(4292) = 0
[179166.602417] RPC:       xs_tcp_send_request(4292) = 0
[179166.602428] RPC:       xs_tcp_send_request(4292) = 0
[179166.602438] RPC:       xs_tcp_send_request(4292) = 0
[179166.602450] RPC:       xs_tcp_send_request(4292) = 0
[179166.602461] RPC:       xs_tcp_send_request(4292) = 0
[179166.602471] RPC:       xs_tcp_send_request(4292) = 0
[179166.602491] RPC:       xs_tcp_send_request(4292) = 0
[179166.602503] RPC:       xs_tcp_send_request(4292) = 0
[179166.602517] RPC:       xs_tcp_send_request(4292) = 0
[179166.602530] RPC:       xs_tcp_send_request(4292) = 0
[179166.602541] RPC:       xs_tcp_send_request(4292) = 0
[179166.602553] RPC:       xs_tcp_send_request(4292) = 0
[179166.602564] RPC:       xs_tcp_send_request(4292) = 0
[179166.602575] RPC:       xs_tcp_send_request(4292) = 0
[179166.602585] RPC:       xs_tcp_send_request(4292) = 0
[179166.602596] RPC:       xs_tcp_send_request(4292) = 0
[179166.602610] RPC:       xs_tcp_send_request(4292) = 0
[179166.602621] RPC:       xs_tcp_send_request(4292) = 0
[179166.602633] RPC:       xs_tcp_send_request(4292) = 0
[179166.602646] RPC:       xs_tcp_send_request(4292) = 0

mds
[ 2512.634149] clnt[10.10.44.77:0] RPC tasks[1]
[ 2512.634157] -pid- flgs status -client- --rqstp- -timeout ---ops--
[ 2512.634159]    29 2281      0 afec6d62 f56198b7        0 7e8b7380 nfs4_cbv1 C                                     B_LAYOUT a:call_transmit_status [sunrpc] q:none
[ 2531.274012] svc_age_temp_xprts

