CONFIG_NFS_FS=m
CONFIG_NFS_V2=m
CONFIG_NFS_V3=m
CONFIG_NFS_V3_ACL=y
CONFIG_NFS_V4=m
CONFIG_NFS_SWAP=y
CONFIG_NFS_V4_1=y
CONFIG_NFS_V4_2=y
CONFIG_NFS_V4_1_IMPLEMENTATION_ID_DOMAIN="kernel.org"
CONFIG_NFS_V4_1_MIGRATION=y
CONFIG_NFS_V4_SECURITY_LABEL=y
CONFIG_NFS_FSCACHE=y
# CONFIG_NFS_USE_LEGACY_DNS is not set
CONFIG_NFS_USE_KERNEL_DNS=y
CONFIG_NFS_DEBUG=y
CONFIG_NFS_DISABLE_UDP_SUPPORT=y
# CONFIG_NFS_V4_2_READ_PLUS is not set
CONFIG_NFSD=m
# CONFIG_NFSD_V2 is not set
CONFIG_NFSD_V3_ACL=y
CONFIG_NFSD_V4=y
CONFIG_NFSD_PNFS=y
CONFIG_NFSD_BLOCKLAYOUT=y
CONFIG_NFSD_SCSILAYOUT=y
CONFIG_NFSD_FLEXFILELAYOUT=y
CONFIG_NFSD_V4_2_INTER_SSC=y
CONFIG_NFSD_V4_SECURITY_LABEL=y
# CONFIG_NFSD_LEGACY_CLIENT_TRACKING is not set
CONFIG_NFS_ACL_SUPPORT=m
CONFIG_NFS_COMMON=y
CONFIG_NFS_V4_2_SSC_HELPER=y

